2025-06-07 01:27:12,828 - INFO - [Data Time]  2 Days 1 Night-查詢place_id : 0.3718072s
2025-06-07 01:27:12,829 - INFO - [Data Size]  2 Days 1 Night-查詢place_id : 0
2025-06-07 01:27:13,476 - INFO - [Data Time]  2 Days 1 Night-人潮資料_爬蟲 : 0.6481982s
2025-06-07 01:27:13,476 - INFO - [Data Size]  2 Days 1 Night-人潮資料_爬蟲 : 0
2025-06-07 01:27:13,477 - INFO - [Data Time]  2 Days 1 Night-人潮資料_塞選 : 0.0000044s
2025-06-07 01:27:13,477 - INFO - [Data Size]  2 Days 1 Night-人潮資料_塞選 : 0
2025-06-07 01:27:13,648 - INFO - [Data Time]  2 Days 1 Night-查詢步行距離 : 0.1708618s
2025-06-07 01:27:13,649 - INFO - [Data Size]  2 Days 1 Night-查詢步行距離 : 0
2025-06-07 01:27:14,010 - INFO - [Data Time]  2 Days 1 Night-查詢place_id : 0.3614494s
2025-06-07 01:27:14,011 - INFO - [Data Size]  2 Days 1 Night-查詢place_id : 0
2025-06-07 01:27:14,614 - INFO - [Data Time]  2 Days 1 Night-人潮資料_爬蟲 : 0.6031221s
2025-06-07 01:27:14,614 - INFO - [Data Size]  2 Days 1 Night-人潮資料_爬蟲 : 0
2025-06-07 01:27:14,614 - INFO - [Data Time]  2 Days 1 Night-人潮資料_塞選 : 0.0000043s
2025-06-07 01:27:14,614 - INFO - [Data Size]  2 Days 1 Night-人潮資料_塞選 : 0
2025-06-07 01:27:14,812 - INFO - [Data Time]  2 Days 1 Night-查詢步行距離 : 0.1965378s
2025-06-07 01:27:14,812 - INFO - [Data Size]  2 Days 1 Night-查詢步行距離 : 0
2025-06-07 01:27:15,087 - INFO - [Data Time]  2 Days 1 Night-查詢place_id : 0.2757910s
2025-06-07 01:27:15,089 - INFO - [Data Size]  2 Days 1 Night-查詢place_id : 0
2025-06-07 01:27:15,730 - INFO - [Data Time]  2 Days 1 Night-人潮資料_爬蟲 : 0.6406346s
2025-06-07 01:27:15,730 - INFO - [Data Size]  2 Days 1 Night-人潮資料_爬蟲 : 0
2025-06-07 01:27:15,730 - INFO - [Data Time]  2 Days 1 Night-人潮資料_塞選 : 0.0000054s
2025-06-07 01:27:15,730 - INFO - [Data Size]  2 Days 1 Night-人潮資料_塞選 : 0
2025-06-07 01:27:15,880 - INFO - [Data Time]  2 Days 1 Night-查詢步行距離 : 0.1497938s
2025-06-07 01:27:15,880 - INFO - [Data Size]  2 Days 1 Night-查詢步行距離 : 0
2025-06-07 01:27:16,149 - INFO - [Data Time]  2 Days 1 Night-查詢place_id : 0.2684202s
2025-06-07 01:27:16,150 - INFO - [Data Size]  2 Days 1 Night-查詢place_id : 0
2025-06-07 01:27:16,749 - INFO - [Data Time]  2 Days 1 Night-人潮資料_爬蟲 : 0.5999335s
2025-06-07 01:27:16,750 - INFO - [Data Size]  2 Days 1 Night-人潮資料_爬蟲 : 0
2025-06-07 01:27:16,750 - INFO - [Data Time]  2 Days 1 Night-人潮資料_塞選 : 0.0000043s
2025-06-07 01:27:16,750 - INFO - [Data Size]  2 Days 1 Night-人潮資料_塞選 : 0
2025-06-07 01:27:16,878 - INFO - [Data Time]  2 Days 1 Night-查詢步行距離 : 0.1283999s
2025-06-07 01:27:16,879 - INFO - [Data Size]  2 Days 1 Night-查詢步行距離 : 0
