2025-04-29 06:54:14,776 - INFO - [Data Time]  兩天一夜-查詢place_id : 0.8560664s
2025-04-29 06:54:14,780 - INFO - [Data Size]  兩天一夜-查詢place_id : 0
2025-04-29 06:54:15,496 - INFO - [Data Time]  兩天一夜-人潮資料_爬蟲 : 0.7196279s
2025-04-29 06:54:15,496 - INFO - [Data Size]  兩天一夜-人潮資料_爬蟲 : 0
2025-04-29 06:54:15,496 - INFO - [Data Time]  兩天一夜-人潮資料_塞選 : 0.0000040s
2025-04-29 06:54:15,496 - INFO - [Data Size]  兩天一夜-人潮資料_塞選 : 0
2025-04-29 06:54:15,649 - INFO - [Data Time]  兩天一夜-查詢步行距離 : 0.1541857s
2025-04-29 06:54:15,649 - INFO - [Data Size]  兩天一夜-查詢步行距離 : 0
2025-04-29 06:54:15,976 - INFO - [Data Time]  兩天一夜-查詢place_id : 0.3281706s
2025-04-29 06:54:15,976 - INFO - [Data Size]  兩天一夜-查詢place_id : 0
2025-04-29 06:54:16,598 - INFO - [Data Time]  兩天一夜-人潮資料_爬蟲 : 0.6147807s
2025-04-29 06:54:16,598 - INFO - [Data Size]  兩天一夜-人潮資料_爬蟲 : 0
2025-04-29 06:54:16,598 - INFO - [Data Time]  兩天一夜-人潮資料_塞選 : 0.0000045s
2025-04-29 06:54:16,598 - INFO - [Data Size]  兩天一夜-人潮資料_塞選 : 0
2025-04-29 06:54:16,706 - INFO - [Data Time]  兩天一夜-查詢步行距離 : 0.1163319s
2025-04-29 06:54:16,719 - INFO - [Data Size]  兩天一夜-查詢步行距離 : 0
2025-04-29 06:54:17,000 - INFO - [Data Time]  兩天一夜-查詢place_id : 0.2801532s
2025-04-29 06:54:17,001 - INFO - [Data Size]  兩天一夜-查詢place_id : 0
2025-04-29 06:54:18,959 - INFO - [Data Time]  兩天一夜-人潮資料_爬蟲 : 1.9644863s
2025-04-29 06:54:18,959 - INFO - [Data Size]  兩天一夜-人潮資料_爬蟲 : 0
2025-04-29 06:54:18,959 - INFO - [Data Time]  兩天一夜-人潮資料_塞選 : 0.0000041s
2025-04-29 06:54:18,959 - INFO - [Data Size]  兩天一夜-人潮資料_塞選 : 0
2025-04-29 06:54:19,107 - INFO - [Data Time]  兩天一夜-查詢步行距離 : 0.1487117s
2025-04-29 06:54:19,107 - INFO - [Data Size]  兩天一夜-查詢步行距離 : 0
2025-04-29 06:54:19,343 - INFO - [Data Time]  兩天一夜-查詢place_id : 0.2383731s
2025-04-29 06:54:19,343 - INFO - [Data Size]  兩天一夜-查詢place_id : 0
2025-04-29 06:54:19,896 - INFO - [Data Time]  兩天一夜-人潮資料_爬蟲 : 0.5486846s
2025-04-29 06:54:19,896 - INFO - [Data Size]  兩天一夜-人潮資料_爬蟲 : 0
2025-04-29 06:54:19,896 - INFO - [Data Time]  兩天一夜-人潮資料_塞選 : 0.0000059s
2025-04-29 06:54:19,896 - INFO - [Data Size]  兩天一夜-人潮資料_塞選 : 0
2025-04-29 06:54:20,063 - INFO - [Data Time]  兩天一夜-查詢步行距離 : 0.1596052s
2025-04-29 06:54:20,063 - INFO - [Data Size]  兩天一夜-查詢步行距離 : 0
2025-04-29 06:54:33,485 - INFO - [Data Time]  三天兩夜-查詢place_id : 0.3164041s
2025-04-29 06:54:33,485 - INFO - [Data Size]  三天兩夜-查詢place_id : 0
2025-04-29 06:54:34,051 - INFO - [Data Time]  三天兩夜-人潮資料_爬蟲 : 0.5754192s
2025-04-29 06:54:34,066 - INFO - [Data Size]  三天兩夜-人潮資料_爬蟲 : 0
2025-04-29 06:54:34,066 - INFO - [Data Time]  三天兩夜-人潮資料_塞選 : 0.0000032s
2025-04-29 06:54:34,066 - INFO - [Data Size]  三天兩夜-人潮資料_塞選 : 0
2025-04-29 06:54:34,208 - INFO - [Data Time]  三天兩夜-查詢步行距離 : 0.1430463s
2025-04-29 06:54:34,208 - INFO - [Data Size]  三天兩夜-查詢步行距離 : 0
2025-04-29 06:54:34,432 - INFO - [Data Time]  三天兩夜-查詢place_id : 0.2252103s
2025-04-29 06:54:34,432 - INFO - [Data Size]  三天兩夜-查詢place_id : 0
2025-04-29 06:54:35,011 - INFO - [Data Time]  三天兩夜-人潮資料_爬蟲 : 0.5784382s
2025-04-29 06:54:35,011 - INFO - [Data Size]  三天兩夜-人潮資料_爬蟲 : 0
2025-04-29 06:54:35,011 - INFO - [Data Time]  三天兩夜-人潮資料_塞選 : 0.0000059s
2025-04-29 06:54:35,011 - INFO - [Data Size]  三天兩夜-人潮資料_塞選 : 0
2025-04-29 06:54:35,159 - INFO - [Data Time]  三天兩夜-查詢步行距離 : 0.1415140s
2025-04-29 06:54:35,159 - INFO - [Data Size]  三天兩夜-查詢步行距離 : 0
2025-04-29 06:54:35,428 - INFO - [Data Time]  三天兩夜-查詢place_id : 0.2724783s
2025-04-29 06:54:35,428 - INFO - [Data Size]  三天兩夜-查詢place_id : 0
2025-04-29 06:54:36,045 - INFO - [Data Time]  三天兩夜-人潮資料_爬蟲 : 0.6141518s
2025-04-29 06:54:36,045 - INFO - [Data Size]  三天兩夜-人潮資料_爬蟲 : 0
2025-04-29 06:54:36,045 - INFO - [Data Time]  三天兩夜-人潮資料_塞選 : 0.0000085s
2025-04-29 06:54:36,045 - INFO - [Data Size]  三天兩夜-人潮資料_塞選 : 0
2025-04-29 06:54:36,194 - INFO - [Data Time]  三天兩夜-查詢步行距離 : 0.1508768s
2025-04-29 06:54:36,194 - INFO - [Data Size]  三天兩夜-查詢步行距離 : 0
2025-04-29 06:54:36,463 - INFO - [Data Time]  三天兩夜-查詢place_id : 0.2597096s
2025-04-29 06:54:36,463 - INFO - [Data Size]  三天兩夜-查詢place_id : 0
2025-04-29 06:54:37,083 - INFO - [Data Time]  三天兩夜-人潮資料_爬蟲 : 0.6321000s
2025-04-29 06:54:37,083 - INFO - [Data Size]  三天兩夜-人潮資料_爬蟲 : 0
2025-04-29 06:54:37,083 - INFO - [Data Time]  三天兩夜-人潮資料_塞選 : 0.0000038s
2025-04-29 06:54:37,098 - INFO - [Data Size]  三天兩夜-人潮資料_塞選 : 0
2025-04-29 06:54:37,214 - INFO - [Data Time]  三天兩夜-查詢步行距離 : 0.1210029s
2025-04-29 06:54:37,214 - INFO - [Data Size]  三天兩夜-查詢步行距離 : 0
2025-04-29 06:54:37,468 - INFO - [Data Time]  三天兩夜-查詢place_id : 0.2534959s
2025-04-29 06:54:37,468 - INFO - [Data Size]  三天兩夜-查詢place_id : 0
2025-04-29 06:54:38,078 - INFO - [Data Time]  三天兩夜-人潮資料_爬蟲 : 0.6074924s
2025-04-29 06:54:38,078 - INFO - [Data Size]  三天兩夜-人潮資料_爬蟲 : 0
2025-04-29 06:54:38,078 - INFO - [Data Time]  三天兩夜-人潮資料_塞選 : 0.0000327s
2025-04-29 06:54:38,078 - INFO - [Data Size]  三天兩夜-人潮資料_塞選 : 0
2025-04-29 06:54:38,194 - INFO - [Data Time]  三天兩夜-查詢步行距離 : 0.1117461s
2025-04-29 06:54:38,194 - INFO - [Data Size]  三天兩夜-查詢步行距離 : 0
2025-04-29 06:54:38,432 - INFO - [Data Time]  三天兩夜-查詢place_id : 0.2404653s
2025-04-29 06:54:38,432 - INFO - [Data Size]  三天兩夜-查詢place_id : 0
2025-04-29 06:54:38,985 - INFO - [Data Time]  三天兩夜-人潮資料_爬蟲 : 0.5549233s
2025-04-29 06:54:38,985 - INFO - [Data Size]  三天兩夜-人潮資料_爬蟲 : 0
2025-04-29 06:54:38,985 - INFO - [Data Time]  三天兩夜-人潮資料_塞選 : 0.0000027s
2025-04-29 06:54:38,985 - INFO - [Data Size]  三天兩夜-人潮資料_塞選 : 0
2025-04-29 06:54:39,126 - INFO - [Data Time]  三天兩夜-查詢步行距離 : 0.1336951s
2025-04-29 06:54:39,126 - INFO - [Data Size]  三天兩夜-查詢步行距離 : 0
2025-04-29 06:54:39,126 - INFO - [Data Time]  三天兩夜-查詢place_id : 0.0080399s
2025-04-29 06:54:39,126 - INFO - [Data Size]  三天兩夜-查詢place_id : 0
2025-04-29 06:54:39,766 - INFO - [Data Time]  三天兩夜-人潮資料_爬蟲 : 0.6283449s
2025-04-29 06:54:39,766 - INFO - [Data Size]  三天兩夜-人潮資料_爬蟲 : 0
2025-04-29 06:54:39,766 - INFO - [Data Time]  三天兩夜-人潮資料_塞選 : 0.0000043s
2025-04-29 06:54:39,766 - INFO - [Data Size]  三天兩夜-人潮資料_塞選 : 0
2025-04-29 06:54:39,801 - INFO - [Data Time]  三天兩夜-查詢步行距離 : 0.0318341s
2025-04-29 06:54:39,801 - INFO - [Data Size]  三天兩夜-查詢步行距離 : 0
2025-04-29 06:54:40,026 - INFO - [Data Time]  三天兩夜-查詢place_id : 0.2270873s
2025-04-29 06:54:40,026 - INFO - [Data Size]  三天兩夜-查詢place_id : 0
2025-04-29 06:54:40,503 - INFO - [Data Time]  三天兩夜-人潮資料_爬蟲 : 0.4774657s
2025-04-29 06:54:40,503 - INFO - [Data Size]  三天兩夜-人潮資料_爬蟲 : 0
2025-04-29 06:54:40,503 - INFO - [Data Time]  三天兩夜-人潮資料_塞選 : 0.0000056s
2025-04-29 06:54:40,503 - INFO - [Data Size]  三天兩夜-人潮資料_塞選 : 0
2025-04-29 06:54:40,657 - INFO - [Data Time]  三天兩夜-查詢步行距離 : 0.1485791s
2025-04-29 06:54:40,657 - INFO - [Data Size]  三天兩夜-查詢步行距離 : 0
2025-04-29 06:54:41,033 - INFO - [Data Time]  三天兩夜-查詢place_id : 0.3769540s
2025-04-29 06:54:41,033 - INFO - [Data Size]  三天兩夜-查詢place_id : 0
2025-04-29 06:54:41,705 - INFO - [Data Time]  三天兩夜-人潮資料_爬蟲 : 0.6727368s
2025-04-29 06:54:41,705 - INFO - [Data Size]  三天兩夜-人潮資料_爬蟲 : 0
2025-04-29 06:54:41,705 - INFO - [Data Time]  三天兩夜-人潮資料_塞選 : 0.0000035s
2025-04-29 06:54:41,705 - INFO - [Data Size]  三天兩夜-人潮資料_塞選 : 0
2025-04-29 06:54:41,827 - INFO - [Data Time]  三天兩夜-查詢步行距離 : 0.1219710s
2025-04-29 06:54:41,827 - INFO - [Data Size]  三天兩夜-查詢步行距離 : 0
2025-04-29 06:54:42,060 - INFO - [Data Time]  三天兩夜-查詢place_id : 0.2360225s
2025-04-29 06:54:42,060 - INFO - [Data Size]  三天兩夜-查詢place_id : 0
2025-04-29 06:54:42,576 - INFO - [Data Time]  三天兩夜-人潮資料_爬蟲 : 0.5066275s
2025-04-29 06:54:42,576 - INFO - [Data Size]  三天兩夜-人潮資料_爬蟲 : 0
2025-04-29 06:54:42,576 - INFO - [Data Time]  三天兩夜-人潮資料_塞選 : 0.0000057s
2025-04-29 06:54:42,576 - INFO - [Data Size]  三天兩夜-人潮資料_塞選 : 0
2025-04-29 06:54:42,708 - INFO - [Data Time]  三天兩夜-查詢步行距離 : 0.1363424s
2025-04-29 06:54:42,708 - INFO - [Data Size]  三天兩夜-查詢步行距離 : 0
2025-04-29 06:54:42,941 - INFO - [Data Time]  三天兩夜-查詢place_id : 0.2283834s
2025-04-29 06:54:42,941 - INFO - [Data Size]  三天兩夜-查詢place_id : 0
2025-04-29 06:54:43,662 - INFO - [Data Time]  三天兩夜-人潮資料_爬蟲 : 0.7209357s
2025-04-29 06:54:43,662 - INFO - [Data Size]  三天兩夜-人潮資料_爬蟲 : 0
2025-04-29 06:54:43,662 - INFO - [Data Time]  三天兩夜-人潮資料_塞選 : 0.0000033s
2025-04-29 06:54:43,662 - INFO - [Data Size]  三天兩夜-人潮資料_塞選 : 0
2025-04-29 06:54:43,777 - INFO - [Data Time]  三天兩夜-查詢步行距離 : 0.1074173s
2025-04-29 06:54:43,777 - INFO - [Data Size]  三天兩夜-查詢步行距離 : 0
2025-04-29 06:54:44,069 - INFO - [Data Time]  三天兩夜-查詢place_id : 0.2905184s
2025-04-29 06:54:44,069 - INFO - [Data Size]  三天兩夜-查詢place_id : 0
2025-04-29 06:54:44,664 - INFO - [Data Time]  三天兩夜-人潮資料_爬蟲 : 0.6003736s
2025-04-29 06:54:44,664 - INFO - [Data Size]  三天兩夜-人潮資料_爬蟲 : 0
2025-04-29 06:54:44,664 - INFO - [Data Time]  三天兩夜-人潮資料_塞選 : 0.0000032s
2025-04-29 06:54:44,664 - INFO - [Data Size]  三天兩夜-人潮資料_塞選 : 0
2025-04-29 06:54:44,814 - INFO - [Data Time]  三天兩夜-查詢步行距離 : 0.1418218s
2025-04-29 06:54:44,814 - INFO - [Data Size]  三天兩夜-查詢步行距離 : 0
2025-04-29 06:54:45,061 - INFO - [Data Time]  三天兩夜-查詢place_id : 0.2478870s
2025-04-29 06:54:45,061 - INFO - [Data Size]  三天兩夜-查詢place_id : 0
2025-04-29 06:54:45,713 - INFO - [Data Time]  三天兩夜-人潮資料_爬蟲 : 0.6571463s
2025-04-29 06:54:45,713 - INFO - [Data Size]  三天兩夜-人潮資料_爬蟲 : 0
2025-04-29 06:54:45,713 - INFO - [Data Time]  三天兩夜-人潮資料_塞選 : 0.0000038s
2025-04-29 06:54:45,713 - INFO - [Data Size]  三天兩夜-人潮資料_塞選 : 0
2025-04-29 06:54:45,829 - INFO - [Data Time]  三天兩夜-查詢步行距離 : 0.1067553s
2025-04-29 06:54:45,829 - INFO - [Data Size]  三天兩夜-查詢步行距離 : 0
2025-04-29 06:54:46,137 - INFO - [Data Time]  三天兩夜-查詢place_id : 0.3044979s
2025-04-29 06:54:46,137 - INFO - [Data Size]  三天兩夜-查詢place_id : 0
2025-04-29 06:54:46,776 - INFO - [Data Time]  三天兩夜-人潮資料_爬蟲 : 0.6395264s
2025-04-29 06:54:46,778 - INFO - [Data Size]  三天兩夜-人潮資料_爬蟲 : 0
2025-04-29 06:54:46,779 - INFO - [Data Time]  三天兩夜-人潮資料_塞選 : 0.0000044s
2025-04-29 06:54:46,779 - INFO - [Data Size]  三天兩夜-人潮資料_塞選 : 0
2025-04-29 06:54:46,925 - INFO - [Data Time]  三天兩夜-查詢步行距離 : 0.1468231s
2025-04-29 06:54:46,925 - INFO - [Data Size]  三天兩夜-查詢步行距離 : 0
2025-04-29 06:54:47,172 - INFO - [Data Time]  三天兩夜-查詢place_id : 0.2455390s
2025-04-29 06:54:47,172 - INFO - [Data Size]  三天兩夜-查詢place_id : 0
2025-04-29 06:54:47,758 - INFO - [Data Time]  三天兩夜-人潮資料_爬蟲 : 0.5922466s
2025-04-29 06:54:47,758 - INFO - [Data Size]  三天兩夜-人潮資料_爬蟲 : 0
2025-04-29 06:54:47,758 - INFO - [Data Time]  三天兩夜-人潮資料_塞選 : 0.0000034s
2025-04-29 06:54:47,758 - INFO - [Data Size]  三天兩夜-人潮資料_塞選 : 0
2025-04-29 06:54:47,889 - INFO - [Data Time]  三天兩夜-查詢步行距離 : 0.1264219s
2025-04-29 06:54:47,889 - INFO - [Data Size]  三天兩夜-查詢步行距離 : 0
2025-04-29 06:54:53,793 - INFO - [Data Time]  四天三夜-查詢place_id : 0.3253645s
2025-04-29 06:54:53,793 - INFO - [Data Size]  四天三夜-查詢place_id : 0
2025-04-29 06:54:54,542 - INFO - [Data Time]  四天三夜-人潮資料_爬蟲 : 0.7383176s
2025-04-29 06:54:54,542 - INFO - [Data Size]  四天三夜-人潮資料_爬蟲 : 0
2025-04-29 06:54:54,542 - INFO - [Data Time]  四天三夜-人潮資料_塞選 : 0.0000047s
2025-04-29 06:54:54,542 - INFO - [Data Size]  四天三夜-人潮資料_塞選 : 0
2025-04-29 06:54:54,721 - INFO - [Data Time]  四天三夜-查詢步行距離 : 0.1787699s
2025-04-29 06:54:54,721 - INFO - [Data Size]  四天三夜-查詢步行距離 : 0
2025-04-29 06:54:55,049 - INFO - [Data Time]  四天三夜-查詢place_id : 0.3253391s
2025-04-29 06:54:55,049 - INFO - [Data Size]  四天三夜-查詢place_id : 0
2025-04-29 06:54:55,776 - INFO - [Data Time]  四天三夜-人潮資料_爬蟲 : 0.7287820s
2025-04-29 06:54:55,776 - INFO - [Data Size]  四天三夜-人潮資料_爬蟲 : 0
2025-04-29 06:54:55,776 - INFO - [Data Time]  四天三夜-人潮資料_塞選 : 0.0000042s
2025-04-29 06:54:55,776 - INFO - [Data Size]  四天三夜-人潮資料_塞選 : 0
2025-04-29 06:54:55,904 - INFO - [Data Time]  四天三夜-查詢步行距離 : 0.1351221s
2025-04-29 06:54:55,904 - INFO - [Data Size]  四天三夜-查詢步行距離 : 0
2025-04-29 06:54:56,141 - INFO - [Data Time]  四天三夜-查詢place_id : 0.2361962s
2025-04-29 06:54:56,141 - INFO - [Data Size]  四天三夜-查詢place_id : 0
2025-04-29 06:54:56,899 - INFO - [Data Time]  四天三夜-人潮資料_爬蟲 : 0.7520511s
2025-04-29 06:54:56,899 - INFO - [Data Size]  四天三夜-人潮資料_爬蟲 : 0
2025-04-29 06:54:56,899 - INFO - [Data Time]  四天三夜-人潮資料_塞選 : 0.0000040s
2025-04-29 06:54:56,899 - INFO - [Data Size]  四天三夜-人潮資料_塞選 : 0
2025-04-29 06:54:57,025 - INFO - [Data Time]  四天三夜-查詢步行距離 : 0.1247026s
2025-04-29 06:54:57,025 - INFO - [Data Size]  四天三夜-查詢步行距離 : 0
2025-04-29 06:54:57,242 - INFO - [Data Time]  四天三夜-查詢place_id : 0.2152341s
2025-04-29 06:54:57,242 - INFO - [Data Size]  四天三夜-查詢place_id : 0
2025-04-29 06:54:57,699 - INFO - [Data Time]  四天三夜-人潮資料_爬蟲 : 0.4629227s
2025-04-29 06:54:57,715 - INFO - [Data Size]  四天三夜-人潮資料_爬蟲 : 0
2025-04-29 06:54:57,715 - INFO - [Data Time]  四天三夜-人潮資料_塞選 : 0.0000050s
2025-04-29 06:54:57,715 - INFO - [Data Size]  四天三夜-人潮資料_塞選 : 0
2025-04-29 06:54:57,840 - INFO - [Data Time]  四天三夜-查詢步行距離 : 0.1285123s
2025-04-29 06:54:57,840 - INFO - [Data Size]  四天三夜-查詢步行距離 : 0
2025-04-29 06:54:58,096 - INFO - [Data Time]  四天三夜-查詢place_id : 0.2588624s
2025-04-29 06:54:58,096 - INFO - [Data Size]  四天三夜-查詢place_id : 0
2025-04-29 06:54:58,576 - INFO - [Data Time]  四天三夜-人潮資料_爬蟲 : 0.4749776s
2025-04-29 06:54:58,576 - INFO - [Data Size]  四天三夜-人潮資料_爬蟲 : 0
2025-04-29 06:54:58,576 - INFO - [Data Time]  四天三夜-人潮資料_塞選 : 0.0000079s
2025-04-29 06:54:58,576 - INFO - [Data Size]  四天三夜-人潮資料_塞選 : 0
2025-04-29 06:54:58,702 - INFO - [Data Time]  四天三夜-查詢步行距離 : 0.1248088s
2025-04-29 06:54:58,702 - INFO - [Data Size]  四天三夜-查詢步行距離 : 0
2025-04-29 06:54:58,977 - INFO - [Data Time]  四天三夜-查詢place_id : 0.2694537s
2025-04-29 06:54:58,978 - INFO - [Data Size]  四天三夜-查詢place_id : 0
2025-04-29 06:54:59,635 - INFO - [Data Time]  四天三夜-人潮資料_爬蟲 : 0.6620630s
2025-04-29 06:54:59,635 - INFO - [Data Size]  四天三夜-人潮資料_爬蟲 : 0
2025-04-29 06:54:59,635 - INFO - [Data Time]  四天三夜-人潮資料_塞選 : 0.0000044s
2025-04-29 06:54:59,635 - INFO - [Data Size]  四天三夜-人潮資料_塞選 : 0
2025-04-29 06:54:59,763 - INFO - [Data Time]  四天三夜-查詢步行距離 : 0.1257480s
2025-04-29 06:54:59,763 - INFO - [Data Size]  四天三夜-查詢步行距離 : 0
2025-04-29 06:55:00,038 - INFO - [Data Time]  四天三夜-查詢place_id : 0.2774922s
2025-04-29 06:55:00,038 - INFO - [Data Size]  四天三夜-查詢place_id : 0
2025-04-29 06:55:00,750 - INFO - [Data Time]  四天三夜-人潮資料_爬蟲 : 0.7038444s
2025-04-29 06:55:00,750 - INFO - [Data Size]  四天三夜-人潮資料_爬蟲 : 0
2025-04-29 06:55:00,750 - INFO - [Data Time]  四天三夜-人潮資料_塞選 : 0.0000031s
2025-04-29 06:55:00,750 - INFO - [Data Size]  四天三夜-人潮資料_塞選 : 0
2025-04-29 06:55:00,879 - INFO - [Data Time]  四天三夜-查詢步行距離 : 0.1263667s
2025-04-29 06:55:00,879 - INFO - [Data Size]  四天三夜-查詢步行距離 : 0
2025-04-29 06:55:07,776 - INFO - [Data Time]  五天四夜-查詢place_id : 0.3014323s
2025-04-29 06:55:07,776 - INFO - [Data Size]  五天四夜-查詢place_id : 0
2025-04-29 06:55:08,330 - INFO - [Data Time]  五天四夜-人潮資料_爬蟲 : 0.5559681s
2025-04-29 06:55:08,330 - INFO - [Data Size]  五天四夜-人潮資料_爬蟲 : 0
2025-04-29 06:55:08,330 - INFO - [Data Time]  五天四夜-人潮資料_塞選 : 0.0000040s
2025-04-29 06:55:08,330 - INFO - [Data Size]  五天四夜-人潮資料_塞選 : 0
2025-04-29 06:55:08,492 - INFO - [Data Time]  五天四夜-查詢步行距離 : 0.1569007s
2025-04-29 06:55:08,492 - INFO - [Data Size]  五天四夜-查詢步行距離 : 0
2025-04-29 06:55:08,788 - INFO - [Data Time]  五天四夜-查詢place_id : 0.3011012s
2025-04-29 06:55:08,788 - INFO - [Data Size]  五天四夜-查詢place_id : 0
2025-04-29 06:55:09,409 - INFO - [Data Time]  五天四夜-人潮資料_爬蟲 : 0.6144131s
2025-04-29 06:55:09,409 - INFO - [Data Size]  五天四夜-人潮資料_爬蟲 : 0
2025-04-29 06:55:09,409 - INFO - [Data Time]  五天四夜-人潮資料_塞選 : 0.0000054s
2025-04-29 06:55:09,409 - INFO - [Data Size]  五天四夜-人潮資料_塞選 : 0
2025-04-29 06:55:09,546 - INFO - [Data Time]  五天四夜-查詢步行距離 : 0.1413754s
2025-04-29 06:55:09,546 - INFO - [Data Size]  五天四夜-查詢步行距離 : 0
2025-04-29 06:55:09,821 - INFO - [Data Time]  五天四夜-查詢place_id : 0.2689856s
2025-04-29 06:55:09,821 - INFO - [Data Size]  五天四夜-查詢place_id : 0
2025-04-29 06:55:10,415 - INFO - [Data Time]  五天四夜-人潮資料_爬蟲 : 0.5903188s
2025-04-29 06:55:10,415 - INFO - [Data Size]  五天四夜-人潮資料_爬蟲 : 0
2025-04-29 06:55:10,415 - INFO - [Data Time]  五天四夜-人潮資料_塞選 : 0.0000042s
2025-04-29 06:55:10,415 - INFO - [Data Size]  五天四夜-人潮資料_塞選 : 0
2025-04-29 06:55:10,534 - INFO - [Data Time]  五天四夜-查詢步行距離 : 0.1268992s
2025-04-29 06:55:10,534 - INFO - [Data Size]  五天四夜-查詢步行距離 : 0
2025-04-29 06:55:10,801 - INFO - [Data Time]  五天四夜-查詢place_id : 0.2553627s
2025-04-29 06:55:10,801 - INFO - [Data Size]  五天四夜-查詢place_id : 0
2025-04-29 06:55:11,332 - INFO - [Data Time]  五天四夜-人潮資料_爬蟲 : 0.5306186s
2025-04-29 06:55:11,332 - INFO - [Data Size]  五天四夜-人潮資料_爬蟲 : 0
2025-04-29 06:55:11,332 - INFO - [Data Time]  五天四夜-人潮資料_塞選 : 0.0000053s
2025-04-29 06:55:11,332 - INFO - [Data Size]  五天四夜-人潮資料_塞選 : 0
2025-04-29 06:55:11,484 - INFO - [Data Time]  五天四夜-查詢步行距離 : 0.1574279s
2025-04-29 06:55:11,484 - INFO - [Data Size]  五天四夜-查詢步行距離 : 0
2025-04-29 06:55:11,500 - INFO - [Data Time]  五天四夜-查詢place_id : 0.0069957s
2025-04-29 06:55:11,500 - INFO - [Data Size]  五天四夜-查詢place_id : 0
2025-04-29 06:55:12,085 - INFO - [Data Time]  五天四夜-人潮資料_爬蟲 : 0.5918203s
2025-04-29 06:55:12,085 - INFO - [Data Size]  五天四夜-人潮資料_爬蟲 : 0
2025-04-29 06:55:12,085 - INFO - [Data Time]  五天四夜-人潮資料_塞選 : 0.0000072s
2025-04-29 06:55:12,085 - INFO - [Data Size]  五天四夜-人潮資料_塞選 : 0
2025-04-29 06:55:12,136 - INFO - [Data Time]  五天四夜-查詢步行距離 : 0.0426268s
2025-04-29 06:55:12,137 - INFO - [Data Size]  五天四夜-查詢步行距離 : 0
2025-04-29 06:55:12,417 - INFO - [Data Time]  五天四夜-查詢place_id : 0.2814340s
2025-04-29 06:55:12,417 - INFO - [Data Size]  五天四夜-查詢place_id : 0
2025-04-29 06:55:13,030 - INFO - [Data Time]  五天四夜-人潮資料_爬蟲 : 0.6211096s
2025-04-29 06:55:13,030 - INFO - [Data Size]  五天四夜-人潮資料_爬蟲 : 0
2025-04-29 06:55:13,030 - INFO - [Data Time]  五天四夜-人潮資料_塞選 : 0.0000030s
2025-04-29 06:55:13,030 - INFO - [Data Size]  五天四夜-人潮資料_塞選 : 0
2025-04-29 06:55:13,201 - INFO - [Data Time]  五天四夜-查詢步行距離 : 0.1584997s
2025-04-29 06:55:13,201 - INFO - [Data Size]  五天四夜-查詢步行距離 : 0
2025-04-29 06:55:13,421 - INFO - [Data Time]  五天四夜-查詢place_id : 0.2183860s
2025-04-29 06:55:13,421 - INFO - [Data Size]  五天四夜-查詢place_id : 0
2025-04-29 06:55:13,926 - INFO - [Data Time]  五天四夜-人潮資料_爬蟲 : 0.5069111s
2025-04-29 06:55:13,930 - INFO - [Data Size]  五天四夜-人潮資料_爬蟲 : 0
2025-04-29 06:55:13,930 - INFO - [Data Time]  五天四夜-人潮資料_塞選 : 0.0000038s
2025-04-29 06:55:13,930 - INFO - [Data Size]  五天四夜-人潮資料_塞選 : 0
2025-04-29 06:55:14,048 - INFO - [Data Time]  五天四夜-查詢步行距離 : 0.1226095s
2025-04-29 06:55:14,048 - INFO - [Data Size]  五天四夜-查詢步行距離 : 0
2025-04-29 06:55:14,275 - INFO - [Data Time]  五天四夜-查詢place_id : 0.2256497s
2025-04-29 06:55:14,275 - INFO - [Data Size]  五天四夜-查詢place_id : 0
2025-04-29 06:55:14,851 - INFO - [Data Time]  五天四夜-人潮資料_爬蟲 : 0.5713745s
2025-04-29 06:55:14,851 - INFO - [Data Size]  五天四夜-人潮資料_爬蟲 : 0
2025-04-29 06:55:14,851 - INFO - [Data Time]  五天四夜-人潮資料_塞選 : 0.0000054s
2025-04-29 06:55:14,851 - INFO - [Data Size]  五天四夜-人潮資料_塞選 : 0
2025-04-29 06:55:14,980 - INFO - [Data Time]  五天四夜-查詢步行距離 : 0.1334583s
2025-04-29 06:55:14,980 - INFO - [Data Size]  五天四夜-查詢步行距離 : 0
2025-04-29 06:55:14,980 - INFO - [Data Time]  五天四夜-查詢place_id : 0.0067336s
2025-04-29 06:55:14,980 - INFO - [Data Size]  五天四夜-查詢place_id : 0
2025-04-29 06:55:15,476 - INFO - [Data Time]  五天四夜-人潮資料_爬蟲 : 0.4812633s
2025-04-29 06:55:15,476 - INFO - [Data Size]  五天四夜-人潮資料_爬蟲 : 0
2025-04-29 06:55:15,476 - INFO - [Data Time]  五天四夜-人潮資料_塞選 : 0.0000039s
2025-04-29 06:55:15,476 - INFO - [Data Size]  五天四夜-人潮資料_塞選 : 0
2025-04-29 06:55:15,595 - INFO - [Data Time]  五天四夜-查詢步行距離 : 0.1211306s
2025-04-29 06:55:15,595 - INFO - [Data Size]  五天四夜-查詢步行距離 : 0
2025-04-29 06:56:37,237 - INFO - [Data Time]  三天兩夜-查詢place_id : 0.0460590s
2025-04-29 06:56:37,247 - INFO - [Data Size]  三天兩夜-查詢place_id : 0
2025-04-29 06:56:37,885 - INFO - [Data Time]  三天兩夜-人潮資料_爬蟲 : 0.6458267s
2025-04-29 06:56:37,885 - INFO - [Data Size]  三天兩夜-人潮資料_爬蟲 : 0
2025-04-29 06:56:37,885 - INFO - [Data Time]  三天兩夜-人潮資料_塞選 : 0.0000049s
2025-04-29 06:56:37,885 - INFO - [Data Size]  三天兩夜-人潮資料_塞選 : 0
2025-04-29 06:56:38,026 - INFO - [Data Time]  三天兩夜-查詢步行距離 : 0.1323801s
2025-04-29 06:56:38,026 - INFO - [Data Size]  三天兩夜-查詢步行距離 : 0
2025-04-29 06:56:38,026 - INFO - [Data Time]  三天兩夜-查詢place_id : 0.0100790s
2025-04-29 06:56:38,039 - INFO - [Data Size]  三天兩夜-查詢place_id : 0
2025-04-29 06:56:38,591 - INFO - [Data Time]  三天兩夜-人潮資料_爬蟲 : 0.5643562s
2025-04-29 06:56:38,591 - INFO - [Data Size]  三天兩夜-人潮資料_爬蟲 : 0
2025-04-29 06:56:38,591 - INFO - [Data Time]  三天兩夜-人潮資料_塞選 : 0.0000048s
2025-04-29 06:56:38,591 - INFO - [Data Size]  三天兩夜-人潮資料_塞選 : 0
2025-04-29 06:56:38,741 - INFO - [Data Time]  三天兩夜-查詢步行距離 : 0.1410612s
2025-04-29 06:56:38,741 - INFO - [Data Size]  三天兩夜-查詢步行距離 : 0
2025-04-29 06:56:38,750 - INFO - [Data Time]  三天兩夜-查詢place_id : 0.0093194s
2025-04-29 06:56:38,750 - INFO - [Data Size]  三天兩夜-查詢place_id : 0
2025-04-29 06:56:39,379 - INFO - [Data Time]  三天兩夜-人潮資料_爬蟲 : 0.6212022s
2025-04-29 06:56:39,380 - INFO - [Data Size]  三天兩夜-人潮資料_爬蟲 : 0
2025-04-29 06:56:39,380 - INFO - [Data Time]  三天兩夜-人潮資料_塞選 : 0.0000113s
2025-04-29 06:56:39,381 - INFO - [Data Size]  三天兩夜-人潮資料_塞選 : 0
2025-04-29 06:56:39,520 - INFO - [Data Time]  三天兩夜-查詢步行距離 : 0.1409147s
2025-04-29 06:56:39,520 - INFO - [Data Size]  三天兩夜-查詢步行距離 : 0
2025-04-29 06:56:39,536 - INFO - [Data Time]  三天兩夜-查詢place_id : 0.0125997s
2025-04-29 06:56:39,536 - INFO - [Data Size]  三天兩夜-查詢place_id : 0
2025-04-29 06:56:40,053 - INFO - [Data Time]  三天兩夜-人潮資料_爬蟲 : 0.5165491s
2025-04-29 06:56:40,053 - INFO - [Data Size]  三天兩夜-人潮資料_爬蟲 : 0
2025-04-29 06:56:40,054 - INFO - [Data Time]  三天兩夜-人潮資料_塞選 : 0.0000032s
2025-04-29 06:56:40,054 - INFO - [Data Size]  三天兩夜-人潮資料_塞選 : 0
2025-04-29 06:56:40,189 - INFO - [Data Time]  三天兩夜-查詢步行距離 : 0.1345589s
2025-04-29 06:56:40,189 - INFO - [Data Size]  三天兩夜-查詢步行距離 : 0
2025-04-29 06:56:40,197 - INFO - [Data Time]  三天兩夜-查詢place_id : 0.0066915s
2025-04-29 06:56:40,197 - INFO - [Data Size]  三天兩夜-查詢place_id : 0
2025-04-29 06:56:40,794 - INFO - [Data Time]  三天兩夜-人潮資料_爬蟲 : 0.5968586s
2025-04-29 06:56:40,794 - INFO - [Data Size]  三天兩夜-人潮資料_爬蟲 : 0
2025-04-29 06:56:40,794 - INFO - [Data Time]  三天兩夜-人潮資料_塞選 : 0.0000047s
2025-04-29 06:56:40,794 - INFO - [Data Size]  三天兩夜-人潮資料_塞選 : 0
2025-04-29 06:56:40,937 - INFO - [Data Time]  三天兩夜-查詢步行距離 : 0.1456289s
2025-04-29 06:56:40,937 - INFO - [Data Size]  三天兩夜-查詢步行距離 : 0
2025-04-29 06:56:40,953 - INFO - [Data Time]  三天兩夜-查詢place_id : 0.0120170s
2025-04-29 06:56:40,953 - INFO - [Data Size]  三天兩夜-查詢place_id : 0
2025-04-29 06:56:41,586 - INFO - [Data Time]  三天兩夜-人潮資料_爬蟲 : 0.6312383s
2025-04-29 06:56:41,586 - INFO - [Data Size]  三天兩夜-人潮資料_爬蟲 : 0
2025-04-29 06:56:41,586 - INFO - [Data Time]  三天兩夜-人潮資料_塞選 : 0.0000071s
2025-04-29 06:56:41,586 - INFO - [Data Size]  三天兩夜-人潮資料_塞選 : 0
2025-04-29 06:56:41,726 - INFO - [Data Time]  三天兩夜-查詢步行距離 : 0.1358644s
2025-04-29 06:56:41,726 - INFO - [Data Size]  三天兩夜-查詢步行距離 : 0
2025-04-29 06:56:41,729 - INFO - [Data Time]  三天兩夜-查詢place_id : 0.0071460s
2025-04-29 06:56:41,729 - INFO - [Data Size]  三天兩夜-查詢place_id : 0
2025-04-29 06:56:42,376 - INFO - [Data Time]  三天兩夜-人潮資料_爬蟲 : 0.6447587s
2025-04-29 06:56:42,376 - INFO - [Data Size]  三天兩夜-人潮資料_爬蟲 : 0
2025-04-29 06:56:42,381 - INFO - [Data Time]  三天兩夜-人潮資料_塞選 : 0.0000078s
2025-04-29 06:56:42,381 - INFO - [Data Size]  三天兩夜-人潮資料_塞選 : 0
2025-04-29 06:56:42,526 - INFO - [Data Time]  三天兩夜-查詢步行距離 : 0.1441868s
2025-04-29 06:56:42,526 - INFO - [Data Size]  三天兩夜-查詢步行距離 : 0
2025-04-29 06:56:42,526 - INFO - [Data Time]  三天兩夜-查詢place_id : 0.0089230s
2025-04-29 06:56:42,526 - INFO - [Data Size]  三天兩夜-查詢place_id : 0
2025-04-29 06:56:42,999 - INFO - [Data Time]  三天兩夜-人潮資料_爬蟲 : 0.4673450s
2025-04-29 06:56:42,999 - INFO - [Data Size]  三天兩夜-人潮資料_爬蟲 : 0
2025-04-29 06:56:42,999 - INFO - [Data Time]  三天兩夜-人潮資料_塞選 : 0.0000065s
2025-04-29 06:56:42,999 - INFO - [Data Size]  三天兩夜-人潮資料_塞選 : 0
2025-04-29 06:56:43,152 - INFO - [Data Time]  三天兩夜-查詢步行距離 : 0.1505866s
2025-04-29 06:56:43,152 - INFO - [Data Size]  三天兩夜-查詢步行距離 : 0
2025-04-29 06:56:43,158 - INFO - [Data Time]  三天兩夜-查詢place_id : 0.0090877s
2025-04-29 06:56:43,158 - INFO - [Data Size]  三天兩夜-查詢place_id : 0
2025-04-29 06:56:43,841 - INFO - [Data Time]  三天兩夜-人潮資料_爬蟲 : 0.6859878s
2025-04-29 06:56:43,854 - INFO - [Data Size]  三天兩夜-人潮資料_爬蟲 : 0
2025-04-29 06:56:43,855 - INFO - [Data Time]  三天兩夜-人潮資料_塞選 : 0.0000057s
2025-04-29 06:56:43,855 - INFO - [Data Size]  三天兩夜-人潮資料_塞選 : 0
2025-04-29 06:56:43,954 - INFO - [Data Time]  三天兩夜-查詢步行距離 : 0.1022593s
2025-04-29 06:56:43,954 - INFO - [Data Size]  三天兩夜-查詢步行距離 : 0
2025-04-29 06:56:43,954 - INFO - [Data Time]  三天兩夜-查詢place_id : 0.0075023s
2025-04-29 06:56:43,967 - INFO - [Data Size]  三天兩夜-查詢place_id : 0
2025-04-29 06:56:44,502 - INFO - [Data Time]  三天兩夜-人潮資料_爬蟲 : 0.5454271s
2025-04-29 06:56:44,517 - INFO - [Data Size]  三天兩夜-人潮資料_爬蟲 : 0
2025-04-29 06:56:44,517 - INFO - [Data Time]  三天兩夜-人潮資料_塞選 : 0.0000054s
2025-04-29 06:56:44,517 - INFO - [Data Size]  三天兩夜-人潮資料_塞選 : 0
2025-04-29 06:56:44,629 - INFO - [Data Time]  三天兩夜-查詢步行距離 : 0.1116680s
2025-04-29 06:56:44,629 - INFO - [Data Size]  三天兩夜-查詢步行距離 : 0
2025-04-29 06:56:44,629 - INFO - [Data Time]  三天兩夜-查詢place_id : 0.0080461s
2025-04-29 06:56:44,629 - INFO - [Data Size]  三天兩夜-查詢place_id : 0
2025-04-29 06:56:45,233 - INFO - [Data Time]  三天兩夜-人潮資料_爬蟲 : 0.6015344s
2025-04-29 06:56:45,233 - INFO - [Data Size]  三天兩夜-人潮資料_爬蟲 : 0
2025-04-29 06:56:45,233 - INFO - [Data Time]  三天兩夜-人潮資料_塞選 : 0.0000068s
2025-04-29 06:56:45,233 - INFO - [Data Size]  三天兩夜-人潮資料_塞選 : 0
2025-04-29 06:56:45,360 - INFO - [Data Time]  三天兩夜-查詢步行距離 : 0.1182863s
2025-04-29 06:56:45,360 - INFO - [Data Size]  三天兩夜-查詢步行距離 : 0
2025-04-29 06:56:45,376 - INFO - [Data Time]  三天兩夜-查詢place_id : 0.0114651s
2025-04-29 06:56:45,376 - INFO - [Data Size]  三天兩夜-查詢place_id : 0
2025-04-29 06:56:46,025 - INFO - [Data Time]  三天兩夜-人潮資料_爬蟲 : 0.6560076s
2025-04-29 06:56:46,025 - INFO - [Data Size]  三天兩夜-人潮資料_爬蟲 : 0
2025-04-29 06:56:46,025 - INFO - [Data Time]  三天兩夜-人潮資料_塞選 : 0.0000093s
2025-04-29 06:56:46,025 - INFO - [Data Size]  三天兩夜-人潮資料_塞選 : 0
2025-04-29 06:56:46,162 - INFO - [Data Time]  三天兩夜-查詢步行距離 : 0.1289989s
2025-04-29 06:56:46,162 - INFO - [Data Size]  三天兩夜-查詢步行距離 : 0
2025-04-29 06:56:46,176 - INFO - [Data Time]  三天兩夜-查詢place_id : 0.0101946s
2025-04-29 06:56:46,176 - INFO - [Data Size]  三天兩夜-查詢place_id : 0
2025-04-29 06:56:46,751 - INFO - [Data Time]  三天兩夜-人潮資料_爬蟲 : 0.5775637s
2025-04-29 06:56:46,751 - INFO - [Data Size]  三天兩夜-人潮資料_爬蟲 : 0
2025-04-29 06:56:46,751 - INFO - [Data Time]  三天兩夜-人潮資料_塞選 : 0.0000065s
2025-04-29 06:56:46,751 - INFO - [Data Size]  三天兩夜-人潮資料_塞選 : 0
2025-04-29 06:56:46,864 - INFO - [Data Time]  三天兩夜-查詢步行距離 : 0.1182424s
2025-04-29 06:56:46,864 - INFO - [Data Size]  三天兩夜-查詢步行距離 : 0
2025-04-29 06:56:46,885 - INFO - [Data Time]  三天兩夜-查詢place_id : 0.0106135s
2025-04-29 06:56:46,886 - INFO - [Data Size]  三天兩夜-查詢place_id : 0
2025-04-29 06:56:47,475 - INFO - [Data Time]  三天兩夜-人潮資料_爬蟲 : 0.5916731s
2025-04-29 06:56:47,475 - INFO - [Data Size]  三天兩夜-人潮資料_爬蟲 : 0
2025-04-29 06:56:47,475 - INFO - [Data Time]  三天兩夜-人潮資料_塞選 : 0.0000046s
2025-04-29 06:56:47,475 - INFO - [Data Size]  三天兩夜-人潮資料_塞選 : 0
2025-04-29 06:56:47,618 - INFO - [Data Time]  三天兩夜-查詢步行距離 : 0.1388312s
2025-04-29 06:56:47,618 - INFO - [Data Size]  三天兩夜-查詢步行距離 : 0
2025-04-29 06:56:47,626 - INFO - [Data Time]  三天兩夜-查詢place_id : 0.0117671s
2025-04-29 06:56:47,632 - INFO - [Data Size]  三天兩夜-查詢place_id : 0
2025-04-29 06:56:48,149 - INFO - [Data Time]  三天兩夜-人潮資料_爬蟲 : 0.5167576s
2025-04-29 06:56:48,149 - INFO - [Data Size]  三天兩夜-人潮資料_爬蟲 : 0
2025-04-29 06:56:48,150 - INFO - [Data Time]  三天兩夜-人潮資料_塞選 : 0.0000036s
2025-04-29 06:56:48,150 - INFO - [Data Size]  三天兩夜-人潮資料_塞選 : 0
2025-04-29 06:56:48,251 - INFO - [Data Time]  三天兩夜-查詢步行距離 : 0.1154474s
2025-04-29 06:56:48,251 - INFO - [Data Size]  三天兩夜-查詢步行距離 : 0
