2025-04-20 03:00:03,427 - INFO - [Data Time]  收集資料&修改資料 : 0.1387725s
2025-04-20 03:00:03,428 - INFO - [Data Size]  收集資料&修改資料 : 70
2025-04-20 03:00:06,789 - INFO - [Data Time]  25 : 0.1599553s
2025-04-20 03:00:06,790 - INFO - [Data Size]  25 : 1229
2025-04-20 03:00:08,571 - INFO - [Data Time]  女 : 0.1349474s
2025-04-20 03:00:08,572 - INFO - [Data Size]  女 : 993
2025-04-20 03:00:11,465 - INFO - [Data Time]  location : 0.1626751s
2025-04-20 03:00:11,465 - INFO - [Data Size]  location : 211
2025-04-20 03:00:14,213 - INFO - [Data Time]  景點推薦 : 0.1491131s
2025-04-20 03:00:14,213 - INFO - [Data Size]  景點推薦 : 391
2025-04-20 03:00:15,868 - INFO - [Data Time]  收集資料&修改資料 : 0.1578093s
2025-04-20 03:00:15,869 - INFO - [Data Size]  收集資料&修改資料 : 70
2025-04-20 03:00:21,361 - INFO - [Data Time]  25 : 0.2100845s
2025-04-20 03:00:21,362 - INFO - [Data Size]  25 : 1229
2025-04-20 03:00:23,117 - INFO - [Data Time]  女 : 0.1346524s
2025-04-20 03:00:23,117 - INFO - [Data Size]  女 : 993
2025-04-20 03:00:25,746 - INFO - [Data Time]  location : 0.1473023s
2025-04-20 03:00:25,747 - INFO - [Data Size]  location : 211
2025-04-20 03:00:28,612 - INFO - [Data Time]  租車 : 0.1791621s
2025-04-20 03:00:28,612 - INFO - [Data Size]  租車 : 217
2025-04-20 03:00:30,817 - INFO - [Data Time]  行程規劃 : 0.1960017s
2025-04-20 03:00:30,817 - INFO - [Data Size]  行程規劃 : 1690
2025-04-20 03:01:32,230 - INFO - [Data Time]  收集資料&修改資料 : 0.1398506s
2025-04-20 03:01:32,230 - INFO - [Data Size]  收集資料&修改資料 : 70
2025-04-20 03:01:38,055 - INFO - [Data Time]  25 : 0.1325882s
2025-04-20 03:01:38,055 - INFO - [Data Size]  25 : 1229
2025-04-20 03:01:39,158 - INFO - [Data Time]  其他 : 0.1284506s
2025-04-20 03:01:39,159 - INFO - [Data Size]  其他 : 993
2025-04-20 03:01:41,885 - INFO - [Data Time]  location : 0.1637632s
2025-04-20 03:01:41,886 - INFO - [Data Size]  location : 211
