2025-04-20 13:51:13,381 - INFO - [Data Time]  收集資料&修改資料 : 0.1496356s
2025-04-20 13:51:13,382 - INFO - [Data Size]  收集資料&修改資料 : 70
2025-04-20 13:51:16,975 - INFO - [Data Time]  24 : 0.2413779s
2025-04-20 13:51:16,975 - INFO - [Data Size]  24 : 1229
2025-04-20 13:51:18,255 - INFO - [Data Time]  女 : 0.1782136s
2025-04-20 13:51:18,256 - INFO - [Data Size]  女 : 993
2025-04-20 13:51:20,513 - INFO - [Data Time]  location : 0.1505148s
2025-04-20 13:51:20,514 - INFO - [Data Size]  location : 211
2025-04-20 13:51:28,083 - INFO - [Data Time]  行程規劃 : 0.1514649s
2025-04-20 13:51:28,083 - INFO - [Data Size]  行程規劃 : 1690
2025-04-20 13:51:32,501 - INFO - [Data Time]  兩天一夜-機器學習 : 2.6267302s
2025-04-20 13:51:32,501 - INFO - [Data Size]  兩天一夜-機器學習 : 1867
2025-04-20 13:51:32,513 - INFO - [Data Time]  兩天一夜-塞選景點 : 0.0123329s
2025-04-20 13:51:32,513 - INFO - [Data Size]  兩天一夜-塞選景點 : 911
2025-04-20 13:51:36,721 - INFO - [Data Time]  兩天一夜-景點排序 : 4.2066957s
2025-04-20 13:51:36,721 - INFO - [Data Size]  兩天一夜-景點排序 : 1199
2025-04-20 13:51:36,746 - INFO - [Data Time]  兩天一夜-寫入資料庫 : 0.0208168s
2025-04-20 13:51:36,747 - INFO - [Data Size]  兩天一夜-寫入資料庫 : 0
2025-04-20 13:51:39,258 - INFO - [Data Time]  兩天一夜 : 9.3871971s
2025-04-20 13:51:39,258 - INFO - [Data Size]  兩天一夜 : 2014
2025-04-20 13:51:48,359 - INFO - [Data Time]  三天兩夜-機器學習 : 0.5234669s
2025-04-20 13:51:48,359 - INFO - [Data Size]  三天兩夜-機器學習 : 1966
2025-04-20 13:51:48,371 - INFO - [Data Time]  三天兩夜-塞選景點 : 0.0118244s
2025-04-20 13:51:48,371 - INFO - [Data Size]  三天兩夜-塞選景點 : 2542
2025-04-20 13:52:00,076 - INFO - [Data Time]  三天兩夜-景點排序 : 11.7035765s
2025-04-20 13:52:00,076 - INFO - [Data Size]  三天兩夜-景點排序 : 3042
2025-04-20 13:52:00,108 - INFO - [Data Time]  三天兩夜-寫入資料庫 : 0.0298674s
2025-04-20 13:52:00,108 - INFO - [Data Size]  三天兩夜-寫入資料庫 : 0
2025-04-20 13:52:00,331 - INFO - [Data Time]  三天兩夜 : 12.4981130s
2025-04-20 13:52:00,331 - INFO - [Data Size]  三天兩夜 : 2014
2025-04-20 13:52:04,471 - INFO - [Data Time]  四天三夜-機器學習 : 0.1146393s
2025-04-20 13:52:04,471 - INFO - [Data Size]  四天三夜-機器學習 : 2010
2025-04-20 13:52:04,483 - INFO - [Data Time]  四天三夜-塞選景點 : 0.0121185s
2025-04-20 13:52:04,483 - INFO - [Data Size]  四天三夜-塞選景點 : 934
2025-04-20 13:52:08,731 - INFO - [Data Time]  四天三夜-景點排序 : 4.2475889s
2025-04-20 13:52:08,732 - INFO - [Data Size]  四天三夜-景點排序 : 1222
2025-04-20 13:52:08,770 - INFO - [Data Time]  四天三夜-寫入資料庫 : 0.0356973s
2025-04-20 13:52:08,770 - INFO - [Data Size]  四天三夜-寫入資料庫 : 0
2025-04-20 13:52:08,949 - INFO - [Data Time]  四天三夜 : 4.5956038s
2025-04-20 13:52:08,950 - INFO - [Data Size]  四天三夜 : 2014
