2025-04-20 17:31:17,199 - INFO - [Data Time]  收集資料&修改資料 : 0.2268461s
2025-04-20 17:31:17,199 - INFO - [Data Size]  收集資料&修改資料 : 70
2025-04-20 17:31:41,018 - INFO - [Data Time]  25 : 0.1950859s
2025-04-20 17:31:41,018 - INFO - [Data Size]  25 : 1229
2025-04-20 17:31:42,759 - INFO - [Data Time]  女 : 0.1451030s
2025-04-20 17:31:42,759 - INFO - [Data Size]  女 : 993
2025-04-20 17:31:45,534 - INFO - [Data Time]  location : 0.1632631s
2025-04-20 17:31:45,535 - INFO - [Data Size]  location : 211
2025-04-20 17:31:50,339 - INFO - [Data Time]  景點推薦 : 0.1460710s
2025-04-20 17:31:50,340 - INFO - [Data Size]  景點推薦 : 391
2025-04-20 17:31:53,964 - INFO - [Data Time]  永續觀光 : 2.2024682s
2025-04-20 17:31:53,965 - INFO - [Data Size]  永續觀光 : 988
2025-04-20 17:32:01,272 - INFO - [Data Time]  一般景點推薦 : 1.6060061s
2025-04-20 17:32:01,273 - INFO - [Data Size]  一般景點推薦 : 1006
2025-04-20 17:32:05,052 - INFO - [Data Time]  行程規劃 : 0.1892683s
2025-04-20 17:32:05,053 - INFO - [Data Size]  行程規劃 : 1690
2025-04-20 17:32:07,694 - INFO - [Data Time]  兩天一夜-機器學習 : 1.0319924s
2025-04-20 17:32:07,694 - INFO - [Data Size]  兩天一夜-機器學習 : 1867
2025-04-20 17:32:07,701 - INFO - [Data Time]  兩天一夜-塞選景點 : 0.0129711s
2025-04-20 17:32:07,701 - INFO - [Data Size]  兩天一夜-塞選景點 : 751
2025-04-20 17:32:12,696 - INFO - [Data Time]  兩天一夜-景點排序 : 4.9924019s
2025-04-20 17:32:12,696 - INFO - [Data Size]  兩天一夜-景點排序 : 991
2025-04-20 17:32:12,733 - INFO - [Data Time]  兩天一夜-寫入資料庫 : 0.0308324s
2025-04-20 17:32:12,733 - INFO - [Data Size]  兩天一夜-寫入資料庫 : 0
2025-04-20 17:32:17,007 - INFO - [Data Time]  三天兩夜-機器學習 : 0.3932065s
2025-04-20 17:32:17,007 - INFO - [Data Size]  三天兩夜-機器學習 : 1966
2025-04-20 17:32:17,024 - INFO - [Data Time]  三天兩夜-塞選景點 : 0.0117918s
2025-04-20 17:32:17,024 - INFO - [Data Size]  三天兩夜-塞選景點 : 2542
2025-04-20 17:32:33,884 - INFO - [Data Time]  三天兩夜-景點排序 : 16.8652177s
2025-04-20 17:32:33,884 - INFO - [Data Size]  三天兩夜-景點排序 : 3042
2025-04-20 17:32:33,926 - INFO - [Data Time]  三天兩夜-寫入資料庫 : 0.0354067s
2025-04-20 17:32:33,926 - INFO - [Data Size]  三天兩夜-寫入資料庫 : 0
2025-04-20 17:32:36,275 - INFO - [Data Time]  四天三夜-機器學習 : 0.1168668s
2025-04-20 17:32:36,275 - INFO - [Data Size]  四天三夜-機器學習 : 2010
2025-04-20 17:32:36,286 - INFO - [Data Time]  四天三夜-塞選景點 : 0.0100176s
2025-04-20 17:32:36,287 - INFO - [Data Size]  四天三夜-塞選景點 : 934
2025-04-20 17:32:42,096 - INFO - [Data Time]  四天三夜-景點排序 : 5.8087870s
2025-04-20 17:32:42,096 - INFO - [Data Size]  四天三夜-景點排序 : 1222
2025-04-20 17:32:42,133 - INFO - [Data Time]  四天三夜-寫入資料庫 : 0.0347612s
2025-04-20 17:32:42,134 - INFO - [Data Size]  四天三夜-寫入資料庫 : 0
2025-04-20 17:32:47,809 - INFO - [Data Time]  五天四夜-機器學習 : 0.1048700s
2025-04-20 17:32:47,809 - INFO - [Data Size]  五天四夜-機器學習 : 1939
2025-04-20 17:32:47,825 - INFO - [Data Time]  五天四夜-塞選景點 : 0.0104126s
2025-04-20 17:32:47,825 - INFO - [Data Size]  五天四夜-塞選景點 : 1599
2025-04-20 17:32:56,999 - INFO - [Data Time]  五天四夜-景點排序 : 9.1820420s
2025-04-20 17:32:56,999 - INFO - [Data Size]  五天四夜-景點排序 : 2079
2025-04-20 17:32:57,043 - INFO - [Data Time]  五天四夜-寫入資料庫 : 0.0326463s
2025-04-20 17:32:57,043 - INFO - [Data Size]  五天四夜-寫入資料庫 : 0
2025-04-20 17:33:05,500 - INFO - [Data Time]  景點人潮 : 0.1875132s
2025-04-20 17:33:05,500 - INFO - [Data Size]  景點人潮 : 258
2025-04-20 17:33:07,148 - INFO - [Data Time]  附近搜尋 : 0.1711899s
2025-04-20 17:33:07,148 - INFO - [Data Size]  附近搜尋 : 2294
2025-04-20 17:33:10,054 - INFO - [Data Time]  風景區 : 1.4421663s
2025-04-20 17:33:10,054 - INFO - [Data Size]  風景區 : 9458
2025-04-20 17:33:17,545 - INFO - [Data Time]  餐廳 : 4.5332829s
2025-04-20 17:33:17,545 - INFO - [Data Size]  餐廳 : 20983
2025-04-20 17:33:23,827 - INFO - [Data Time]  停車場 : 4.1173979s
2025-04-20 17:33:23,827 - INFO - [Data Size]  停車場 : 22462
2025-04-20 17:33:28,127 - INFO - [Data Time]  住宿 : 2.0927503s
2025-04-20 17:33:28,127 - INFO - [Data Size]  住宿 : 10834
2025-04-20 17:33:32,429 - INFO - [Data Time]  租車 : 0.1786945s
2025-04-20 17:33:32,430 - INFO - [Data Size]  租車 : 217
