2025-04-20 12:29:27,197 - INFO - [Data Time]  收集資料&修改資料 : 0.1638777s
2025-04-20 12:29:27,197 - INFO - [Data Size]  收集資料&修改資料 : 70
2025-04-20 12:29:30,791 - INFO - [Data Time]  25 : 0.1547108s
2025-04-20 12:29:30,791 - INFO - [Data Size]  25 : 1229
2025-04-20 12:29:32,327 - INFO - [Data Time]  女 : 0.1482807s
2025-04-20 12:29:32,327 - INFO - [Data Size]  女 : 993
2025-04-20 12:29:34,974 - INFO - [Data Time]  location : 0.2002766s
2025-04-20 12:29:34,975 - INFO - [Data Size]  location : 211
2025-04-20 12:29:37,851 - INFO - [Data Time]  行程規劃 : 0.1829541s
2025-04-20 12:29:37,852 - INFO - [Data Size]  行程規劃 : 1690
2025-04-20 12:29:41,673 - INFO - [Data Time]  兩天一夜-機器學習 : 2.6364627s
2025-04-20 12:29:41,674 - INFO - [Data Size]  兩天一夜-機器學習 : 1867
2025-04-20 12:29:41,686 - INFO - [Data Time]  兩天一夜-塞選景點 : 0.0125366s
2025-04-20 12:29:41,686 - INFO - [Data Size]  兩天一夜-塞選景點 : 751
2025-04-20 12:29:46,120 - INFO - [Data Time]  兩天一夜-景點排序 : 4.4331288s
2025-04-20 12:29:46,120 - INFO - [Data Size]  兩天一夜-景點排序 : 991
2025-04-20 12:29:46,144 - INFO - [Data Time]  兩天一夜-寫入資料庫 : 0.0211737s
2025-04-20 12:29:46,145 - INFO - [Data Size]  兩天一夜-寫入資料庫 : 0
2025-04-20 12:29:46,370 - INFO - [Data Time]  兩天一夜 : 7.3368980s
2025-04-20 12:29:46,370 - INFO - [Data Size]  兩天一夜 : 2014
2025-04-20 12:30:33,223 - INFO - [Data Time]  三天兩夜-機器學習 : 0.4022270s
2025-04-20 12:30:33,223 - INFO - [Data Size]  三天兩夜-機器學習 : 1966
2025-04-20 12:30:33,235 - INFO - [Data Time]  三天兩夜-塞選景點 : 0.0118229s
2025-04-20 12:30:33,235 - INFO - [Data Size]  三天兩夜-塞選景點 : 2542
2025-04-20 12:30:49,201 - INFO - [Data Time]  三天兩夜-景點排序 : 15.9653209s
2025-04-20 12:30:49,201 - INFO - [Data Size]  三天兩夜-景點排序 : 3042
2025-04-20 12:30:49,227 - INFO - [Data Time]  三天兩夜-寫入資料庫 : 0.0238518s
2025-04-20 12:30:49,228 - INFO - [Data Size]  三天兩夜-寫入資料庫 : 0
2025-04-20 12:30:49,433 - INFO - [Data Time]  三天兩夜 : 16.6147882s
2025-04-20 12:30:49,433 - INFO - [Data Size]  三天兩夜 : 2014
