2025-04-20 11:54:46,975 - INFO - [Data Time]  收集資料&修改資料 : 0.2095676s
2025-04-20 11:54:46,985 - INFO - [Data Size]  收集資料&修改資料 : 70
2025-04-20 11:54:52,490 - INFO - [Data Time]  25 : 0.1473492s
2025-04-20 11:54:52,490 - INFO - [Data Size]  25 : 1229
2025-04-20 11:54:53,883 - INFO - [Data Time]  女 : 0.1463246s
2025-04-20 11:54:53,883 - INFO - [Data Size]  女 : 993
2025-04-20 11:54:56,613 - INFO - [Data Time]  location : 0.1208551s
2025-04-20 11:54:56,623 - INFO - [Data Size]  location : 211
2025-04-20 11:54:59,662 - INFO - [Data Time]  行程規劃 : 0.1524732s
2025-04-20 11:54:59,662 - INFO - [Data Size]  行程規劃 : 1690
2025-04-20 11:55:03,512 - INFO - [Data Time]  兩天一夜-機器學習 : 2.6471697s
2025-04-20 11:55:03,512 - INFO - [Data Size]  兩天一夜-機器學習 : 1867
2025-04-20 11:55:03,537 - INFO - [Data Time]  兩天一夜-塞選景點 : 0.0249112s
2025-04-20 11:55:03,537 - INFO - [Data Size]  兩天一夜-塞選景點 : 751
2025-04-20 11:55:08,349 - INFO - [Data Time]  兩天一夜-景點排序 : 4.8109146s
2025-04-20 11:55:08,349 - INFO - [Data Size]  兩天一夜-景點排序 : 991
2025-04-20 11:55:08,395 - INFO - [Data Time]  兩天一夜-寫入資料庫 : 0.0418914s
2025-04-20 11:55:08,396 - INFO - [Data Size]  兩天一夜-寫入資料庫 : 0
2025-04-20 11:55:08,583 - INFO - [Data Time]  兩天一夜 : 7.7258395s
2025-04-20 11:55:08,583 - INFO - [Data Size]  兩天一夜 : 2014
2025-04-20 11:55:13,403 - INFO - [Data Time]  三天兩夜-機器學習 : 0.4076919s
2025-04-20 11:55:13,403 - INFO - [Data Size]  三天兩夜-機器學習 : 1966
2025-04-20 11:55:13,432 - INFO - [Data Time]  三天兩夜-塞選景點 : 0.0274853s
2025-04-20 11:55:13,432 - INFO - [Data Size]  三天兩夜-塞選景點 : 2542
2025-04-20 11:55:30,075 - INFO - [Data Time]  三天兩夜-景點排序 : 16.6443041s
2025-04-20 11:55:30,075 - INFO - [Data Size]  三天兩夜-景點排序 : 3042
2025-04-20 11:55:30,104 - INFO - [Data Time]  三天兩夜-寫入資料庫 : 0.0244314s
2025-04-20 11:55:30,104 - INFO - [Data Size]  三天兩夜-寫入資料庫 : 0
2025-04-20 11:55:30,353 - INFO - [Data Time]  三天兩夜 : 17.3752679s
2025-04-20 11:55:30,353 - INFO - [Data Size]  三天兩夜 : 2014
2025-04-20 11:56:41,053 - INFO - [Data Time]  行程規劃 : 0.1884177s
2025-04-20 11:56:41,053 - INFO - [Data Size]  行程規劃 : 1690
2025-04-20 11:56:42,957 - INFO - [Data Time]  三天兩夜-機器學習 : 0.4086947s
2025-04-20 11:56:42,957 - INFO - [Data Size]  三天兩夜-機器學習 : 1966
2025-04-20 11:56:42,976 - INFO - [Data Time]  三天兩夜-塞選景點 : 0.0148641s
2025-04-20 11:56:42,976 - INFO - [Data Size]  三天兩夜-塞選景點 : 2542
2025-04-20 11:56:53,795 - INFO - [Data Time]  三天兩夜-景點排序 : 10.8187800s
2025-04-20 11:56:53,795 - INFO - [Data Size]  三天兩夜-景點排序 : 3042
2025-04-20 11:56:53,813 - INFO - [Data Time]  三天兩夜-寫入資料庫 : 0.0155367s
2025-04-20 11:56:53,813 - INFO - [Data Size]  三天兩夜-寫入資料庫 : 0
2025-04-20 11:56:53,983 - INFO - [Data Time]  三天兩夜 : 11.4402574s
2025-04-20 11:56:53,983 - INFO - [Data Size]  三天兩夜 : 2014
2025-04-20 11:57:51,591 - INFO - [Data Time]  四天三夜-機器學習 : 0.1162511s
2025-04-20 11:57:51,591 - INFO - [Data Size]  四天三夜-機器學習 : 2010
2025-04-20 11:57:51,613 - INFO - [Data Time]  四天三夜-塞選景點 : 0.0231453s
2025-04-20 11:57:51,613 - INFO - [Data Size]  四天三夜-塞選景點 : 934
2025-04-20 11:57:57,377 - INFO - [Data Time]  四天三夜-景點排序 : 5.7626973s
2025-04-20 11:57:57,378 - INFO - [Data Size]  四天三夜-景點排序 : 1222
2025-04-20 11:57:57,404 - INFO - [Data Time]  四天三夜-寫入資料庫 : 0.0240948s
2025-04-20 11:57:57,404 - INFO - [Data Size]  四天三夜-寫入資料庫 : 0
2025-04-20 11:57:57,569 - INFO - [Data Time]  四天三夜 : 6.1138948s
2025-04-20 11:57:57,569 - INFO - [Data Size]  四天三夜 : 2014
2025-04-20 11:58:55,955 - INFO - [Data Time]  五天四夜-機器學習 : 0.1398480s
2025-04-20 11:58:55,955 - INFO - [Data Size]  五天四夜-機器學習 : 1939
2025-04-20 11:58:55,979 - INFO - [Data Time]  五天四夜-塞選景點 : 0.0246430s
2025-04-20 11:58:55,980 - INFO - [Data Size]  五天四夜-塞選景點 : 1599
2025-04-20 11:59:05,913 - INFO - [Data Time]  五天四夜-景點排序 : 9.9339973s
2025-04-20 11:59:05,913 - INFO - [Data Size]  五天四夜-景點排序 : 2079
2025-04-20 11:59:05,940 - INFO - [Data Time]  五天四夜-寫入資料庫 : 0.0232887s
2025-04-20 11:59:05,941 - INFO - [Data Size]  五天四夜-寫入資料庫 : 0
2025-04-20 11:59:06,173 - INFO - [Data Time]  五天四夜 : 10.3919368s
2025-04-20 11:59:06,173 - INFO - [Data Size]  五天四夜 : 2014
