2025-04-20 01:56:15,877 - INFO - [Data Time]  收集資料&修改資料 : 0.1907042s
2025-04-20 01:56:15,877 - INFO - [Data Size]  收集資料&修改資料 : 70
2025-04-20 01:56:30,956 - INFO - [Data Time]  25 : 0.1478324s
2025-04-20 01:56:30,957 - INFO - [Data Size]  25 : 1229
2025-04-20 01:56:32,683 - INFO - [Data Time]  女 : 0.1569669s
2025-04-20 01:56:32,683 - INFO - [Data Size]  女 : 993
2025-04-20 01:56:35,631 - INFO - [Data Time]  location : 0.1696321s
2025-04-20 01:56:35,631 - INFO - [Data Size]  location : 211
2025-04-20 01:56:37,953 - INFO - [Data Time]  景點推薦 : 0.1198982s
2025-04-20 01:56:37,953 - INFO - [Data Size]  景點推薦 : 391
2025-04-20 01:56:42,237 - INFO - [Data Time]  永續觀光 : 2.7534852s
2025-04-20 01:56:42,238 - INFO - [Data Size]  永續觀光 : 1030
2025-04-20 01:56:48,344 - INFO - [Data Time]  一般景點推薦 : 3.1113840s
2025-04-20 01:56:48,344 - INFO - [Data Size]  一般景點推薦 : 1048
2025-04-20 01:56:51,044 - INFO - [Data Time]  行程規劃 : 0.1629846s
2025-04-20 01:56:51,045 - INFO - [Data Size]  行程規劃 : 1690
2025-04-20 01:56:58,878 - INFO - [Data Time]  兩天一夜 : 6.2670342s
2025-04-20 01:56:58,878 - INFO - [Data Size]  兩天一夜 : 2014
2025-04-20 01:57:16,660 - INFO - [Data Time]  三天兩夜 : 14.7027948s
2025-04-20 01:57:16,661 - INFO - [Data Size]  三天兩夜 : 2014
2025-04-20 01:57:18,114 - INFO - [Data Time]  景點人潮 : 0.1788867s
2025-04-20 01:57:18,115 - INFO - [Data Size]  景點人潮 : 258
2025-04-20 01:57:20,359 - INFO - [Data Time]  附近搜尋 : 0.1625423s
2025-04-20 01:57:20,360 - INFO - [Data Size]  附近搜尋 : 2294
2025-04-20 01:57:26,607 - INFO - [Data Time]  停車場 : 4.4307464s
2025-04-20 01:57:26,607 - INFO - [Data Size]  停車場 : 22415
2025-04-20 01:57:33,692 - INFO - [Data Time]  餐廳 : 4.2194637s
2025-04-20 01:57:33,693 - INFO - [Data Size]  餐廳 : 20690
2025-04-20 01:57:35,257 - INFO - [Data Time]  租車 : 0.1427355s
2025-04-20 01:57:35,258 - INFO - [Data Size]  租車 : 217
