2025-04-18 08:33:58,610 - INFO - [Data Time]  收集資料&修改資料 : 0.1852035s
2025-04-18 08:33:58,610 - INFO - [Data Size]  收集資料&修改資料 : 70
2025-04-18 08:34:02,532 - INFO - [Data Time]  24 : 0.1960229s
2025-04-18 08:34:02,532 - INFO - [Data Size]  24 : 1229
2025-04-18 08:34:03,749 - INFO - [Data Time]  男 : 0.1960259s
2025-04-18 08:34:03,749 - INFO - [Data Size]  男 : 993
2025-04-18 08:34:06,340 - INFO - [Data Time]  location : 0.1649087s
2025-04-18 08:34:06,340 - INFO - [Data Size]  location : 211
2025-04-18 08:34:08,658 - INFO - [Data Time]  景點推薦 : 0.1681757s
2025-04-18 08:34:08,658 - INFO - [Data Size]  景點推薦 : 391
2025-04-18 08:34:13,605 - INFO - [Data Time]  永續觀光 : 3.0995451s
2025-04-18 08:34:13,606 - INFO - [Data Size]  永續觀光 : 1014
2025-04-18 08:34:16,832 - INFO - [Data Time]  一般景點推薦 : 0.9768041s
2025-04-18 08:34:16,832 - INFO - [Data Size]  一般景點推薦 : 1000
2025-04-18 08:34:19,845 - INFO - [Data Time]  行程規劃 : 0.2224549s
2025-04-18 08:34:19,845 - INFO - [Data Size]  行程規劃 : 1690
2025-04-18 08:34:29,492 - INFO - [Data Time]  兩天一夜 : 7.4787572s
2025-04-18 08:34:29,492 - INFO - [Data Size]  兩天一夜 : 2014
2025-04-18 08:34:48,450 - INFO - [Data Time]  三天兩夜 : 15.8791955s
2025-04-18 08:34:48,450 - INFO - [Data Size]  三天兩夜 : 2014
2025-04-18 08:35:00,106 - INFO - [Data Time]  四天三夜 : 7.8235919s
2025-04-18 08:35:00,107 - INFO - [Data Size]  四天三夜 : 2014
2025-04-18 08:35:13,019 - INFO - [Data Time]  五天四夜 : 8.6667587s
2025-04-18 08:35:13,019 - INFO - [Data Size]  五天四夜 : 2014
2025-04-18 08:35:17,569 - INFO - [Data Time]  景點人潮 : 0.1728959s
2025-04-18 08:35:17,569 - INFO - [Data Size]  景點人潮 : 258
2025-04-18 08:35:20,901 - INFO - [Data Time]  附近搜尋 : 0.1430449s
2025-04-18 08:35:20,902 - INFO - [Data Size]  附近搜尋 : 2294
2025-04-18 08:35:27,189 - INFO - [Data Time]  風景區 : 1.5819630s
2025-04-18 08:35:27,189 - INFO - [Data Size]  風景區 : 9458
2025-04-18 08:35:37,570 - INFO - [Data Time]  餐廳 : 4.3576659s
2025-04-18 08:35:37,570 - INFO - [Data Size]  餐廳 : 20524
2025-04-18 08:35:44,084 - INFO - [Data Time]  停車場 : 4.3923323s
2025-04-18 08:35:44,100 - INFO - [Data Size]  停車場 : 22882
2025-04-18 08:35:50,044 - INFO - [Data Time]  住宿 : 1.7935267s
2025-04-18 08:35:50,044 - INFO - [Data Size]  住宿 : 10834
2025-04-18 08:35:53,128 - INFO - [Data Time]  租車 : 0.1566746s
2025-04-18 08:35:53,128 - INFO - [Data Size]  租車 : 217
