2025-04-20 14:48:48,246 - INFO - [Data Time]  收集資料&修改資料 : 0.1975668s
2025-04-20 14:48:48,247 - INFO - [Data Size]  收集資料&修改資料 : 70
2025-04-20 14:48:51,345 - INFO - [Data Time]  25 : 0.1767541s
2025-04-20 14:48:51,346 - INFO - [Data Size]  25 : 1229
2025-04-20 14:48:52,842 - INFO - [Data Time]  其他 : 0.1480655s
2025-04-20 14:48:52,843 - INFO - [Data Size]  其他 : 993
2025-04-20 14:48:58,332 - INFO - [Data Time]  其他 : 0.2169939s
2025-04-20 14:48:58,332 - INFO - [Data Size]  其他 : 993
2025-04-20 14:49:01,766 - INFO - [Data Time]  location : 0.1647543s
2025-04-20 14:49:01,768 - INFO - [Data Size]  location : 211
2025-04-20 14:49:04,049 - INFO - [Data Time]  行程規劃 : 0.1911234s
2025-04-20 14:49:04,050 - INFO - [Data Size]  行程規劃 : 1690
2025-04-20 14:49:06,450 - INFO - [Data Time]  兩天一夜-機器學習 : 1.0327636s
2025-04-20 14:49:06,451 - INFO - [Data Size]  兩天一夜-機器學習 : 1867
2025-04-20 14:49:06,463 - INFO - [Data Time]  兩天一夜-塞選景點 : 0.0126687s
2025-04-20 14:49:06,464 - INFO - [Data Size]  兩天一夜-塞選景點 : 751
2025-04-20 14:49:11,185 - INFO - [Data Time]  兩天一夜-景點排序 : 4.7212140s
2025-04-20 14:49:11,186 - INFO - [Data Size]  兩天一夜-景點排序 : 991
2025-04-20 14:49:11,225 - INFO - [Data Time]  兩天一夜-寫入資料庫 : 0.0361833s
2025-04-20 14:49:11,225 - INFO - [Data Size]  兩天一夜-寫入資料庫 : 0
2025-04-20 14:49:11,401 - INFO - [Data Time]  兩天一夜 : 5.9869019s
2025-04-20 14:49:11,402 - INFO - [Data Size]  兩天一夜 : 2014
2025-04-20 14:49:15,535 - INFO - [Data Time]  三天兩夜-機器學習 : 0.4380449s
2025-04-20 14:49:15,535 - INFO - [Data Size]  三天兩夜-機器學習 : 1966
2025-04-20 14:49:15,550 - INFO - [Data Time]  三天兩夜-塞選景點 : 0.0155273s
2025-04-20 14:49:15,551 - INFO - [Data Size]  三天兩夜-塞選景點 : 2542
2025-04-20 14:49:31,400 - INFO - [Data Time]  三天兩夜-景點排序 : 15.8482907s
2025-04-20 14:49:31,400 - INFO - [Data Size]  三天兩夜-景點排序 : 3042
2025-04-20 14:49:31,428 - INFO - [Data Time]  三天兩夜-寫入資料庫 : 0.0249721s
2025-04-20 14:49:31,428 - INFO - [Data Size]  三天兩夜-寫入資料庫 : 0
2025-04-20 14:49:31,730 - INFO - [Data Time]  三天兩夜 : 16.6366954s
2025-04-20 14:49:31,731 - INFO - [Data Size]  三天兩夜 : 2014
