2025-04-20 15:58:24,819 - INFO - [Data Time]  收集資料&修改資料 : 0.1704041s
2025-04-20 15:58:24,819 - INFO - [Data Size]  收集資料&修改資料 : 70
2025-04-20 15:58:28,255 - INFO - [Data Time]  25 : 0.1639231s
2025-04-20 15:58:28,257 - INFO - [Data Size]  25 : 1229
2025-04-20 15:58:29,762 - INFO - [Data Time]  女 : 0.1479961s
2025-04-20 15:58:29,762 - INFO - [Data Size]  女 : 993
2025-04-20 15:58:32,319 - INFO - [Data Time]  location : 0.1573080s
2025-04-20 15:58:32,324 - INFO - [Data Size]  location : 211
2025-04-20 15:58:39,799 - INFO - [Data Time]  行程規劃 : 0.1471889s
2025-04-20 15:58:39,799 - INFO - [Data Size]  行程規劃 : 1690
2025-04-20 15:58:42,491 - INFO - [Data Time]  兩天一夜-機器學習 : 1.0766675s
2025-04-20 15:58:42,491 - INFO - [Data Size]  兩天一夜-機器學習 : 1867
2025-04-20 15:58:42,504 - INFO - [Data Time]  兩天一夜-塞選景點 : 0.0158941s
2025-04-20 15:58:42,504 - INFO - [Data Size]  兩天一夜-塞選景點 : 751
2025-04-20 15:58:47,594 - INFO - [Data Time]  兩天一夜-景點排序 : 5.0875971s
2025-04-20 15:58:47,594 - INFO - [Data Size]  兩天一夜-景點排序 : 991
2025-04-20 15:58:47,623 - INFO - [Data Time]  兩天一夜-寫入資料庫 : 0.0231236s
2025-04-20 15:58:47,623 - INFO - [Data Size]  兩天一夜-寫入資料庫 : 0
2025-04-20 15:58:50,879 - INFO - [Data Time]  五天四夜-機器學習 : 0.0944888s
2025-04-20 15:58:50,879 - INFO - [Data Size]  五天四夜-機器學習 : 1939
2025-04-20 15:58:50,889 - INFO - [Data Time]  五天四夜-塞選景點 : 0.0102229s
2025-04-20 15:58:50,890 - INFO - [Data Size]  五天四夜-塞選景點 : 1599
2025-04-20 15:59:00,599 - INFO - [Data Time]  五天四夜-景點排序 : 9.7098772s
2025-04-20 15:59:00,599 - INFO - [Data Size]  五天四夜-景點排序 : 2079
2025-04-20 15:59:00,614 - INFO - [Data Time]  五天四夜-寫入資料庫 : 0.0109603s
2025-04-20 15:59:00,614 - INFO - [Data Size]  五天四夜-寫入資料庫 : 0
