2025-04-22 01:02:32,411 - INFO - [Data Time]  收集資料&修改資料 : 0.1407794s
2025-04-22 01:02:32,414 - INFO - [Data Size]  收集資料&修改資料 : 70
2025-04-22 01:02:36,106 - INFO - [Data Time]  24 : 0.1710278s
2025-04-22 01:02:36,108 - INFO - [Data Size]  24 : 1229
2025-04-22 01:02:37,945 - INFO - [Data Time]  女 : 0.1559799s
2025-04-22 01:02:37,946 - INFO - [Data Size]  女 : 993
2025-04-22 01:02:41,196 - INFO - [Data Time]  location : 0.1755030s
2025-04-22 01:02:41,197 - INFO - [Data Size]  location : 211
2025-04-22 01:02:44,078 - INFO - [Data Time]  行程規劃 : 0.1538906s
2025-04-22 01:02:44,079 - INFO - [Data Size]  行程規劃 : 1690
2025-04-22 01:02:48,585 - INFO - [Data Time]  兩天一夜-機器學習 : 2.9503272s
2025-04-22 01:02:48,585 - INFO - [Data Size]  兩天一夜-機器學習 : 1867
2025-04-22 01:02:48,612 - INFO - [Data Time]  兩天一夜-塞選景點 : 0.0265887s
2025-04-22 01:02:48,612 - INFO - [Data Size]  兩天一夜-塞選景點 : 911
2025-04-22 01:02:56,175 - INFO - [Data Time]  兩天一夜-景點排序 : 7.5629969s
2025-04-22 01:02:56,176 - INFO - [Data Size]  兩天一夜-景點排序 : 1199
2025-04-22 01:02:56,231 - INFO - [Data Time]  兩天一夜-寫入資料庫 : 0.0541668s
2025-04-22 01:02:56,231 - INFO - [Data Size]  兩天一夜-寫入資料庫 : 0
2025-04-22 01:03:00,581 - INFO - [Data Time]  三天兩夜-機器學習 : 0.4787970s
2025-04-22 01:03:00,588 - INFO - [Data Size]  三天兩夜-機器學習 : 1966
2025-04-22 01:03:00,615 - INFO - [Data Time]  三天兩夜-塞選景點 : 0.0273422s
2025-04-22 01:03:00,615 - INFO - [Data Size]  三天兩夜-塞選景點 : 2542
2025-04-22 01:03:16,869 - INFO - [Data Time]  三天兩夜-景點排序 : 16.2527746s
2025-04-22 01:03:16,869 - INFO - [Data Size]  三天兩夜-景點排序 : 3042
2025-04-22 01:03:16,896 - INFO - [Data Time]  三天兩夜-寫入資料庫 : 0.0248081s
2025-04-22 01:03:16,897 - INFO - [Data Size]  三天兩夜-寫入資料庫 : 0
