2025-04-20 16:53:05,734 - INFO - [Data Time]  收集資料&修改資料 : 0.1885122s
2025-04-20 16:53:05,734 - INFO - [Data Size]  收集資料&修改資料 : 70
2025-04-20 16:53:09,103 - INFO - [Data Time]  24 : 0.1739849s
2025-04-20 16:53:09,104 - INFO - [Data Size]  24 : 1229
2025-04-20 16:53:10,565 - INFO - [Data Time]  男 : 0.1623653s
2025-04-20 16:53:10,565 - INFO - [Data Size]  男 : 993
2025-04-20 16:53:13,972 - INFO - [Data Time]  location : 0.1683221s
2025-04-20 16:53:13,973 - INFO - [Data Size]  location : 211
2025-04-20 16:53:16,690 - INFO - [Data Time]  景點推薦 : 0.1368255s
2025-04-20 16:53:16,690 - INFO - [Data Size]  景點推薦 : 391
2025-04-20 16:53:24,338 - INFO - [Data Time]  永續觀光 : 5.1594501s
2025-04-20 16:53:24,338 - INFO - [Data Size]  永續觀光 : 1007
2025-04-20 16:53:29,638 - INFO - [Data Time]  一般景點推薦 : 2.0058797s
2025-04-20 16:53:29,640 - INFO - [Data Size]  一般景點推薦 : 1033
2025-04-20 16:53:32,513 - INFO - [Data Time]  行程規劃 : 0.1472341s
2025-04-20 16:53:32,514 - INFO - [Data Size]  行程規劃 : 1690
2025-04-20 16:53:35,017 - INFO - [Data Time]  兩天一夜-機器學習 : 1.0435374s
2025-04-20 16:53:35,017 - INFO - [Data Size]  兩天一夜-機器學習 : 1867
2025-04-20 16:53:35,041 - INFO - [Data Time]  兩天一夜-塞選景點 : 0.0242454s
2025-04-20 16:53:35,042 - INFO - [Data Size]  兩天一夜-塞選景點 : 1096
2025-04-20 16:53:42,717 - INFO - [Data Time]  兩天一夜-景點排序 : 7.6751679s
2025-04-20 16:53:42,717 - INFO - [Data Size]  兩天一夜-景點排序 : 1432
2025-04-20 16:53:42,756 - INFO - [Data Time]  兩天一夜-寫入資料庫 : 0.0345724s
2025-04-20 16:53:42,756 - INFO - [Data Size]  兩天一夜-寫入資料庫 : 0
2025-04-20 16:53:44,983 - INFO - [Data Time]  三天兩夜-機器學習 : 0.3940710s
2025-04-20 16:53:44,983 - INFO - [Data Size]  三天兩夜-機器學習 : 1966
2025-04-20 16:53:44,995 - INFO - [Data Time]  三天兩夜-塞選景點 : 0.0126871s
2025-04-20 16:53:44,995 - INFO - [Data Size]  三天兩夜-塞選景點 : 2542
2025-04-20 16:54:02,073 - INFO - [Data Time]  三天兩夜-景點排序 : 17.0763689s
2025-04-20 16:54:02,073 - INFO - [Data Size]  三天兩夜-景點排序 : 3042
2025-04-20 16:54:02,109 - INFO - [Data Time]  三天兩夜-寫入資料庫 : 0.0336652s
2025-04-20 16:54:02,110 - INFO - [Data Size]  三天兩夜-寫入資料庫 : 0
2025-04-20 16:54:06,154 - INFO - [Data Time]  四天三夜-機器學習 : 0.1189674s
2025-04-20 16:54:06,154 - INFO - [Data Size]  四天三夜-機器學習 : 2010
2025-04-20 16:54:06,165 - INFO - [Data Time]  四天三夜-塞選景點 : 0.0102011s
2025-04-20 16:54:06,165 - INFO - [Data Size]  四天三夜-塞選景點 : 1298
2025-04-20 16:54:14,402 - INFO - [Data Time]  四天三夜-景點排序 : 8.2368665s
2025-04-20 16:54:14,402 - INFO - [Data Size]  四天三夜-景點排序 : 1557
2025-04-20 16:54:14,440 - INFO - [Data Time]  四天三夜-寫入資料庫 : 0.0342511s
2025-04-20 16:54:14,440 - INFO - [Data Size]  四天三夜-寫入資料庫 : 0
2025-04-20 16:54:17,488 - INFO - [Data Time]  五天四夜-機器學習 : 0.1123237s
2025-04-20 16:54:17,489 - INFO - [Data Size]  五天四夜-機器學習 : 1939
2025-04-20 16:54:17,500 - INFO - [Data Time]  五天四夜-塞選景點 : 0.0111288s
2025-04-20 16:54:17,500 - INFO - [Data Size]  五天四夜-塞選景點 : 1599
2025-04-20 16:54:27,474 - INFO - [Data Time]  五天四夜-景點排序 : 9.9744952s
2025-04-20 16:54:27,475 - INFO - [Data Size]  五天四夜-景點排序 : 2079
2025-04-20 16:54:27,489 - INFO - [Data Time]  五天四夜-寫入資料庫 : 0.0116283s
2025-04-20 16:54:27,489 - INFO - [Data Size]  五天四夜-寫入資料庫 : 0
2025-04-20 16:54:34,053 - INFO - [Data Time]  景點人潮 : 0.1582495s
2025-04-20 16:54:34,054 - INFO - [Data Size]  景點人潮 : 258
2025-04-20 16:54:38,811 - INFO - [Data Time]  附近搜尋 : 0.1433834s
2025-04-20 16:54:38,811 - INFO - [Data Size]  附近搜尋 : 2294
2025-04-20 16:54:41,870 - INFO - [Data Time]  風景區 : 1.4207850s
2025-04-20 16:54:41,871 - INFO - [Data Size]  風景區 : 9458
2025-04-20 16:54:48,966 - INFO - [Data Time]  餐廳 : 4.5224174s
2025-04-20 16:54:48,967 - INFO - [Data Size]  餐廳 : 21115
2025-04-20 16:54:56,051 - INFO - [Data Time]  停車場 : 4.2256182s
2025-04-20 16:54:56,052 - INFO - [Data Size]  停車場 : 22462
2025-04-20 16:55:01,587 - INFO - [Data Time]  住宿 : 1.7159216s
2025-04-20 16:55:01,588 - INFO - [Data Size]  住宿 : 10834
2025-04-20 16:55:05,163 - INFO - [Data Time]  租車 : 0.1833182s
2025-04-20 16:55:05,164 - INFO - [Data Size]  租車 : 217
